<?xml version="1.0" encoding="UTF-8"?>
<testng-results skipped="0" failed="0" total="1" passed="1">
  <reporter-output>
  </reporter-output>
  <suite name="Default suite" duration-ms="6008" started-at="2019-12-25T02:24:17Z" finished-at="2019-12-25T02:24:23Z">
    <groups>
      <group name="smoke">
        <method signature="Test1.login()[pri:0, instance:practice.Test1@63021689]" name="login" class="practice.Test1"/>
      </group> <!-- smoke -->
    </groups>
    <test name="Default test" duration-ms="6008" started-at="2019-12-25T02:24:17Z" finished-at="2019-12-25T02:24:23Z">
      <class name="practice.Test1">
        <test-method status="PASS" signature="login()[pri:0, instance:practice.Test1@63021689]" name="login" duration-ms="5976" started-at="2019-12-25T07:54:17Z" finished-at="2019-12-25T07:54:23Z">
          <reporter-output>
          </reporter-output>
        </test-method> <!-- login -->
      </class> <!-- practice.Test1 -->
    </test> <!-- Default test -->
  </suite> <!-- Default suite -->
</testng-results>
